mode: set
github.com/akmalsulaymonov/alif-wallet/cmd/main.go:9.13,14.16 3 0
github.com/akmalsulaymonov/alif-wallet/cmd/main.go:14.16,17.3 2 0
github.com/akmalsulaymonov/alif-wallet/cmd/main.go:18.2,22.16 3 0
github.com/akmalsulaymonov/alif-wallet/cmd/main.go:22.16,23.14 1 0
github.com/akmalsulaymonov/alif-wallet/cmd/main.go:24.39,25.78 1 0
github.com/akmalsulaymonov/alif-wallet/cmd/main.go:26.34,27.76 1 0
github.com/akmalsulaymonov/alif-wallet/cmd/main.go:29.3,29.9 1 0
github.com/akmalsulaymonov/alif-wallet/cmd/main.go:32.2,36.16 3 0
github.com/akmalsulaymonov/alif-wallet/cmd/main.go:36.16,37.14 1 0
github.com/akmalsulaymonov/alif-wallet/cmd/main.go:38.39,39.78 1 0
github.com/akmalsulaymonov/alif-wallet/cmd/main.go:40.34,41.76 1 0
github.com/akmalsulaymonov/alif-wallet/cmd/main.go:42.35,43.58 1 0
github.com/akmalsulaymonov/alif-wallet/cmd/main.go:45.3,45.9 1 0
github.com/akmalsulaymonov/alif-wallet/cmd/main.go:48.2,53.16 4 0
github.com/akmalsulaymonov/alif-wallet/cmd/main.go:53.16,56.3 2 0
github.com/akmalsulaymonov/alif-wallet/cmd/main.go:57.2,61.16 3 0
github.com/akmalsulaymonov/alif-wallet/cmd/main.go:61.16,64.3 2 0
github.com/akmalsulaymonov/alif-wallet/cmd/main.go:65.2,69.16 3 0
github.com/akmalsulaymonov/alif-wallet/cmd/main.go:69.16,72.3 2 0
github.com/akmalsulaymonov/alif-wallet/cmd/main.go:73.2,73.50 1 0
github.com/akmalsulaymonov/alif-wallet/pkg/wallet/service.go:22.78,23.37 1 1
github.com/akmalsulaymonov/alif-wallet/pkg/wallet/service.go:23.37,24.29 1 0
github.com/akmalsulaymonov/alif-wallet/pkg/wallet/service.go:24.29,26.4 1 0
github.com/akmalsulaymonov/alif-wallet/pkg/wallet/service.go:29.2,38.21 4 1
github.com/akmalsulaymonov/alif-wallet/pkg/wallet/service.go:41.70,42.17 1 1
github.com/akmalsulaymonov/alif-wallet/pkg/wallet/service.go:42.17,44.3 1 0
github.com/akmalsulaymonov/alif-wallet/pkg/wallet/service.go:46.2,47.33 2 1
github.com/akmalsulaymonov/alif-wallet/pkg/wallet/service.go:47.33,48.26 1 1
github.com/akmalsulaymonov/alif-wallet/pkg/wallet/service.go:48.26,50.9 2 1
github.com/akmalsulaymonov/alif-wallet/pkg/wallet/service.go:54.2,54.20 1 1
github.com/akmalsulaymonov/alif-wallet/pkg/wallet/service.go:54.20,56.3 1 0
github.com/akmalsulaymonov/alif-wallet/pkg/wallet/service.go:58.2,60.12 2 1
github.com/akmalsulaymonov/alif-wallet/pkg/wallet/service.go:63.116,64.17 1 1
github.com/akmalsulaymonov/alif-wallet/pkg/wallet/service.go:64.17,66.3 1 0
github.com/akmalsulaymonov/alif-wallet/pkg/wallet/service.go:68.2,69.33 2 1
github.com/akmalsulaymonov/alif-wallet/pkg/wallet/service.go:69.33,70.26 1 1
github.com/akmalsulaymonov/alif-wallet/pkg/wallet/service.go:70.26,72.9 2 1
github.com/akmalsulaymonov/alif-wallet/pkg/wallet/service.go:76.2,76.20 1 1
github.com/akmalsulaymonov/alif-wallet/pkg/wallet/service.go:76.20,78.3 1 0
github.com/akmalsulaymonov/alif-wallet/pkg/wallet/service.go:80.2,80.30 1 1
github.com/akmalsulaymonov/alif-wallet/pkg/wallet/service.go:80.30,82.3 1 0
github.com/akmalsulaymonov/alif-wallet/pkg/wallet/service.go:84.2,98.21 5 1
github.com/akmalsulaymonov/alif-wallet/pkg/wallet/service.go:102.76,103.37 1 1
github.com/akmalsulaymonov/alif-wallet/pkg/wallet/service.go:103.37,104.30 1 1
github.com/akmalsulaymonov/alif-wallet/pkg/wallet/service.go:104.30,106.4 1 1
github.com/akmalsulaymonov/alif-wallet/pkg/wallet/service.go:109.2,109.32 1 1
github.com/akmalsulaymonov/alif-wallet/pkg/wallet/service.go:112.77,113.37 1 1
github.com/akmalsulaymonov/alif-wallet/pkg/wallet/service.go:113.37,114.30 1 1
github.com/akmalsulaymonov/alif-wallet/pkg/wallet/service.go:114.30,116.4 1 1
github.com/akmalsulaymonov/alif-wallet/pkg/wallet/service.go:119.2,119.32 1 1
github.com/akmalsulaymonov/alif-wallet/pkg/wallet/service.go:122.50,125.16 2 1
github.com/akmalsulaymonov/alif-wallet/pkg/wallet/service.go:125.16,127.3 1 1
github.com/akmalsulaymonov/alif-wallet/pkg/wallet/service.go:130.2,131.16 2 1
github.com/akmalsulaymonov/alif-wallet/pkg/wallet/service.go:131.16,133.3 1 0
github.com/akmalsulaymonov/alif-wallet/pkg/wallet/service.go:136.2,141.12 3 1
